<?xml version="1.0" encoding="UTF-8"?>
<!-- Generated by org.testng.reporters.JUnitReportReporter -->
<testsuite skipped="0" hostname="DESKTOP-049QI7N" name="bbmsapitesting.ContactUsAPITest" tests="1" failures="0" timestamp="3 Feb 2021 02:06:52 GMT" time="2.864" errors="0">
  <testcase name="ContactUsPOSTTest" time="2.864" classname="bbmsapitesting.ContactUsAPITest"/>
</testsuite> <!-- bbmsapitesting.ContactUsAPITest -->
