<?xml version="1.0" encoding="UTF-8"?>
<!-- Generated by org.testng.reporters.JUnitReportReporter -->
<testsuite skipped="0" hostname="DESKTOP-049QI7N" name="bbmsapitesting.DataDrivenTesting" tests="5" failures="0" timestamp="10 Feb 2021 03:08:35 GMT" time="2.465" errors="0">
  <testcase name="tc_02" time="0.022" classname="bbmsapitesting.DataDrivenTesting"/>
  <testcase name="tc_02" time="2.349" classname="bbmsapitesting.DataDrivenTesting"/>
  <testcase name="tc_02" time="0.032" classname="bbmsapitesting.DataDrivenTesting"/>
  <testcase name="tc_02" time="0.030" classname="bbmsapitesting.DataDrivenTesting"/>
  <testcase name="tc_02" time="0.032" classname="bbmsapitesting.DataDrivenTesting"/>
</testsuite> <!-- bbmsapitesting.DataDrivenTesting -->
