<?xml version="1.0" encoding="UTF-8"?>
<!-- Generated by org.testng.reporters.JUnitReportReporter -->
<testsuite skipped="0" hostname="DESKTOP-049QI7N" name="bbmsapitesting.DataBaseTesting" tests="1" failures="0" timestamp="10 Feb 2021 04:19:10 GMT" time="2.573" errors="0">
  <testcase name="testPostDonar" time="2.573" classname="bbmsapitesting.DataBaseTesting"/>
</testsuite> <!-- bbmsapitesting.DataBaseTesting -->
