<?xml version="1.0" encoding="UTF-8"?>
<!-- Generated by org.testng.reporters.JUnitReportReporter -->
<testsuite skipped="0" hostname="DESKTOP-049QI7N" name="bbmsapitesting.SchemaValidation" tests="1" failures="1" timestamp="10 Feb 2021 03:25:00 GMT" time="2.089" errors="0">
  <testcase name="studentSchemaValidation" time="2.089" classname="bbmsapitesting.SchemaValidation">
    <failure type="java.lang.AssertionError" message="1 expectation failed.
Response body doesn&#039;t match expectation.
Expected: The content to match the given JSON schema.
warning: the following keywords are unknown and will be ignored: [$id]
    level: &quot;warning&quot;
    schema: {&quot;loadingURI&quot;:&quot;#&quot;,&quot;pointer&quot;:&quot;&quot;}
    domain: &quot;syntax&quot;
    ignored: [&quot;$id&quot;]
warning: the following keywords are unknown and will be ignored: [$id]
    level: &quot;warning&quot;
    schema: {&quot;loadingURI&quot;:&quot;#&quot;,&quot;pointer&quot;:&quot;/properties/courses&quot;}
    domain: &quot;syntax&quot;
    ignored: [&quot;$id&quot;]
warning: the following keywords are unknown and will be ignored: [$id]
    level: &quot;warning&quot;
    schema: {&quot;loadingURI&quot;:&quot;#&quot;,&quot;pointer&quot;:&quot;/properties/courses/items&quot;}
    domain: &quot;syntax&quot;
    ignored: [&quot;$id&quot;]
warning: the following keywords are unknown and will be ignored: [$id]
    level: &quot;warning&quot;
    schema: {&quot;loadingURI&quot;:&quot;#&quot;,&quot;pointer&quot;:&quot;/properties/courses/items/anyOf/0&quot;}
    domain: &quot;syntax&quot;
    ignored: [&quot;$id&quot;]
warning: the following keywords are unknown and will be ignored: [$id]
    level: &quot;warning&quot;
    schema: {&quot;loadingURI&quot;:&quot;#&quot;,&quot;pointer&quot;:&quot;/properties/email&quot;}
    domain: &quot;syntax&quot;
    ignored: [&quot;$id&quot;]
warning: the following keywords are unknown and will be ignored: [$id]
    level: &quot;warning&quot;
    schema: {&quot;loadingURI&quot;:&quot;#&quot;,&quot;pointer&quot;:&quot;/properties/firstName&quot;}
    domain: &quot;syntax&quot;
    ignored: [&quot;$id&quot;]
warning: the following keywords are unknown and will be ignored: [$id]
    level: &quot;warning&quot;
    schema: {&quot;loadingURI&quot;:&quot;#&quot;,&quot;pointer&quot;:&quot;/properties/id&quot;}
    domain: &quot;syntax&quot;
    ignored: [&quot;$id&quot;]
warning: the following keywords are unknown and will be ignored: [$id]
    level: &quot;warning&quot;
    schema: {&quot;loadingURI&quot;:&quot;#&quot;,&quot;pointer&quot;:&quot;/properties/lastName&quot;}
    domain: &quot;syntax&quot;
    ignored: [&quot;$id&quot;]
warning: the following keywords are unknown and will be ignored: [$id]
    level: &quot;warning&quot;
    schema: {&quot;loadingURI&quot;:&quot;#&quot;,&quot;pointer&quot;:&quot;/properties/programme&quot;}
    domain: &quot;syntax&quot;
    ignored: [&quot;$id&quot;]
error: instance type (array) does not match any allowed primitive type (allowed: [&quot;object&quot;])
    level: &quot;error&quot;
    schema: {&quot;loadingURI&quot;:&quot;#&quot;,&quot;pointer&quot;:&quot;&quot;}
    instance: {&quot;pointer&quot;:&quot;&quot;}
    domain: &quot;validation&quot;
    keyword: &quot;type&quot;
    found: &quot;array&quot;
    expected: [&quot;object&quot;]

  Actual: [{&quot;id&quot;:1,&quot;firstName&quot;:&quot;Vernon&quot;,&quot;lastName&quot;:&quot;Harper&quot;,&quot;email&quot;:&quot;egestas.rhoncus.Proin@massaQuisqueporttitor.org&quot;,&quot;programme&quot;:&quot;Financial Analysis&quot;,&quot;courses&quot;:[&quot;Accounting&quot;,&quot;Statistics&quot;]},{&quot;id&quot;:2,&quot;firstName&quot;:&quot;Murphy&quot;,&quot;lastName&quot;:&quot;Holmes&quot;,&quot;email&quot;:&quot;faucibus.orci.luctus@Duisac.net&quot;,&quot;programme&quot;:&quot;Financial Analysis&quot;,&quot;courses&quot;:[&quot;Accounting&quot;,&quot;Statistics&quot;]},{&quot;id&quot;:3,&quot;firstName&quot;:&quot;Reece&quot;,&quot;lastName&quot;:&quot;Jason&quot;,&quot;email&quot;:&quot;tincidunt.dui@ultricessit.co.uk&quot;,&quot;programme&quot;:&quot;Computer Science&quot;,&quot;courses&quot;:[&quot;Calculus&quot;,&quot;Algorithms&quot;,&quot;Software Development&quot;,&quot;Ethics&quot;]},{&quot;id&quot;:4,&quot;firstName&quot;:&quot;Orson&quot;,&quot;lastName&quot;:&quot;Armando&quot;,&quot;email&quot;:&quot;nascetur@conguea.com&quot;,&quot;programme&quot;:&quot;Computer Science&quot;,&quot;courses&quot;:[&quot;Calculus&quot;,&quot;Algorithms&quot;,&quot;Software Development&quot;,&quot;Ethics&quot;]},{&quot;id&quot;:5,&quot;firstName&quot;:&quot;Cullen&quot;,&quot;lastName&quot;:&quot;Craig&quot;,&quot;email&quot;:&quot;imperdiet.ullamcorper@nonenimMauris.co.uk&quot;,&quot;programme&quot;:&quot;Disaster Management&quot;,&quot;courses&quot;:[&quot;Disaster Preparedness&quot;]},{&quot;id&quot;:6,&quot;firstName&quot;:&quot;Harper&quot;,&quot;lastName&quot;:&quot;Rashad&quot;,&quot;email&quot;:&quot;vestibulum@ridiculusmus.edu&quot;,&quot;programme&quot;:&quot;Disaster Management&quot;,&quot;courses&quot;:[&quot;Disaster Preparedness&quot;]},{&quot;id&quot;:7,&quot;firstName&quot;:&quot;Roth&quot;,&quot;lastName&quot;:&quot;Grant&quot;,&quot;email&quot;:&quot;eu.tellus@anuncIn.edu&quot;,&quot;programme&quot;:&quot;Mechanical Engineering&quot;,&quot;courses&quot;:[&quot;Machine Element Design&quot;,&quot;Engineering Analysis I&quot;,&quot;Calculus &amp; Linear Algebra I &quot;]},{&quot;id&quot;:8,&quot;firstName&quot;:&quot;Jermaine&quot;,&quot;lastName&quot;:&quot;Alden&quot;,&quot;email&quot;:&quot;scelerisque.sed@senectuset.org&quot;,&quot;programme&quot;:&quot;Law&quot;,&quot;courses&quot;:[&quot;Criminal Law&quot;,&quot;Constitutional Law&quot;,&quot;Property Law&quot;,&quot;Contracts&quot;]},{&quot;id&quot;:9,&quot;firstName&quot;:&quot;Sebastian&quot;,&quot;lastName&quot;:&quot;Jesse&quot;,&quot;email&quot;:&quot;faucibus@sed.co.uk&quot;,&quot;programme&quot;:&quot;Medicine&quot;,&quot;courses&quot;:[&quot;Anatomy&quot;,&quot;Biochemistry&quot;,&quot;Genetics&quot;,&quot;Human Behavior.&quot;]},{&quot;id&quot;:10,&quot;firstName&quot;:&quot;Todd&quot;,&quot;lastName&quot;:&quot;Beck&quot;,&quot;email&quot;:&quot;Fusce.dolor.quam@commodoauctor.org&quot;,&quot;programme&quot;:&quot;Financial Analysis&quot;,&quot;courses&quot;:[&quot;Accounting&quot;,&quot;Statistics&quot;]},{&quot;id&quot;:11,&quot;firstName&quot;:&quot;Giacomo&quot;,&quot;lastName&quot;:&quot;Raphael&quot;,&quot;email&quot;:&quot;magnis.dis@idmagnaet.com&quot;,&quot;programme&quot;:&quot;Medicine&quot;,&quot;courses&quot;:[&quot;Anatomy&quot;,&quot;Biochemistry&quot;,&quot;Genetics&quot;,&quot;Human Behavior.&quot;]},{&quot;id&quot;:12,&quot;firstName&quot;:&quot;Chadwick&quot;,&quot;lastName&quot;:&quot;Lawrence&quot;,&quot;email&quot;:&quot;turpis.non.enim@sociisnatoque.com&quot;,&quot;programme&quot;:&quot;Criminology&quot;,&quot;courses&quot;:[&quot;Criminal Mind&quot;,&quot;Gender, Crime and Justice &quot;,&quot;Philosophy of Law &quot;]},{&quot;id&quot;:13,&quot;firstName&quot;:&quot;Zachary&quot;,&quot;lastName&quot;:&quot;Vance&quot;,&quot;email&quot;:&quot;In.tincidunt.congue@Quisque.com&quot;,&quot;programme&quot;:&quot;Criminology&quot;,&quot;courses&quot;:[&quot;Criminal Mind&quot;,&quot;Gender, Crime and Justice &quot;,&quot;Philosophy of Law &quot;]},{&quot;id&quot;:14,&quot;firstName&quot;:&quot;Denton&quot;,&quot;lastName&quot;:&quot;Walker&quot;,&quot;email&quot;:&quot;Integer.sem@iaculisodioNam.edu&quot;,&quot;programme&quot;:&quot;Mechanical Engineering&quot;,&quot;courses&quot;:[&quot;Machine Element Design&quot;,&quot;Engineering Analysis I&quot;,&quot;Calculus &amp; Linear Algebra I &quot;]},{&quot;id&quot;:15,&quot;firstName&quot;:&quot;Hakeem&quot;,&quot;lastName&quot;:&quot;Fitzgerald&quot;,&quot;email&quot;:&quot;accumsan@luctuset.edu&quot;,&quot;programme&quot;:&quot;Financial Analysis&quot;,&quot;courses&quot;:[&quot;Accounting&quot;,&quot;Statistics&quot;]},{&quot;id&quot;:16,&quot;firstName&quot;:&quot;Jakeem&quot;,&quot;lastName&quot;:&quot;Philip&quot;,&quot;email&quot;:&quot;montes.nascetur.ridiculus@loremDonec.com&quot;,&quot;programme&quot;:&quot;Mechanical Engineering&quot;,&quot;courses&quot;:[&quot;Machine Element Design&quot;,&quot;Engineering Analysis I&quot;,&quot;Calculus &amp; Linear Algebra I &quot;]},{&quot;id&quot;:17,&quot;firstName&quot;:&quot;Amal&quot;,&quot;lastName&quot;:&quot;Emery&quot;,&quot;email&quot;:&quot;turpis.egestas.Aliquam@fermentum.net&quot;,&quot;programme&quot;:&quot;Computer Science&quot;,&quot;courses&quot;:[&quot;Calculus&quot;,&quot;Algorithms&quot;,&quot;Software Development&quot;,&quot;Ethics&quot;]},{&quot;id&quot;:18,&quot;firstName&quot;:&quot;Reed&quot;,&quot;lastName&quot;:&quot;Wylie&quot;,&quot;email&quot;:&quot;Suspendisse.aliquet.sem@atrisus.org&quot;,&quot;programme&quot;:&quot;Medicine&quot;,&quot;courses&quot;:[&quot;Anatomy&quot;,&quot;Biochemistry&quot;,&quot;Genetics&quot;,&quot;Human Behavior.&quot;]},{&quot;id&quot;:19,&quot;firstName&quot;:&quot;Lev&quot;,&quot;lastName&quot;:&quot;Philip&quot;,&quot;email&quot;:&quot;dolor.elit.pellentesque@enimEtiamimperdiet.ca&quot;,&quot;programme&quot;:&quot;Computer Science&quot;,&quot;courses&quot;:[&quot;Calculus&quot;,&quot;Algorithms&quot;,&quot;Software Development&quot;,&quot;Ethics&quot;]},{&quot;id&quot;:20,&quot;firstName&quot;:&quot;Lamar&quot;,&quot;lastName&quot;:&quot;Berk&quot;,&quot;email&quot;:&quot;leo.Vivamus@sit.org&quot;,&quot;programme&quot;:&quot;Medicine&quot;,&quot;courses&quot;:[&quot;Anatomy&quot;,&quot;Biochemistry&quot;,&quot;Genetics&quot;,&quot;Human Behavior.&quot;]},{&quot;id&quot;:21,&quot;firstName&quot;:&quot;Nathaniel&quot;,&quot;lastName&quot;:&quot;Colton&quot;,&quot;email&quot;:&quot;hendrerit@et.co.uk&quot;,&quot;programme&quot;:&quot;Medicine&quot;,&quot;courses&quot;:[&quot;Anatomy&quot;,&quot;Biochemistry&quot;,&quot;Genetics&quot;,&quot;Human Behavior.&quot;]},{&quot;id&quot;:22,&quot;firstName&quot;:&quot;Kennan&quot;,&quot;lastName&quot;:&quot;Jacob&quot;,&quot;email&quot;:&quot;vel.vulputate@vitaedolorDonec.ca&quot;,&quot;programme&quot;:&quot;Financial Analysis&quot;,&quot;courses&quot;:[&quot;Accounting&quot;,&quot;Statistics&quot;]},{&quot;id&quot;:23,&quot;firstName&quot;:&quot;Omar&quot;,&quot;lastName&quot;:&quot;Colt&quot;,&quot;email&quot;:&quot;venenatis.a@Pellentesque.co.uk&quot;,&quot;programme&quot;:&quot;Mechanical Engineering&quot;,&quot;courses&quot;:[&quot;Machine Element Design&quot;,&quot;Engineering Analysis I&quot;,&quot;Calculus &amp; Linear Algebra I &quot;]},{&quot;id&quot;:24,&quot;firstName&quot;:&quot;Tanek&quot;,&quot;lastName&quot;:&quot;Scott&quot;,&quot;email&quot;:&quot;Sed.malesuada@porttitoreros.ca&quot;,&quot;programme&quot;:&quot;Criminology&quot;,&quot;courses&quot;:[&quot;Criminal Mind&quot;,&quot;Gender, Crime and Justice &quot;,&quot;Philosophy of Law &quot;]},{&quot;id&quot;:25,&quot;firstName&quot;:&quot;Paki&quot;,&quot;lastName&quot;:&quot;Samson&quot;,&quot;email&quot;:&quot;ornare@Mauriseuturpis.edu&quot;,&quot;programme&quot;:&quot;Law&quot;,&quot;courses&quot;:[&quot;Criminal Law&quot;,&quot;Constitutional Law&quot;,&quot;Property Law&quot;,&quot;Contracts&quot;]},{&quot;id&quot;:26,&quot;firstName&quot;:&quot;James&quot;,&quot;lastName&quot;:&quot;Jonah&quot;,&quot;email&quot;:&quot;Nullam@Cras.net&quot;,&quot;programme&quot;:&quot;Mechanical Engineering&quot;,&quot;courses&quot;:[&quot;Machine Element Design&quot;,&quot;Engineering Analysis I&quot;,&quot;Calculus &amp; Linear Algebra I &quot;]},{&quot;id&quot;:27,&quot;firstName&quot;:&quot;Cade&quot;,&quot;lastName&quot;:&quot;Vernon&quot;,&quot;email&quot;:&quot;pharetra.sed@Aliquamvulputateullamcorper.ca&quot;,&quot;programme&quot;:&quot;Mechanical Engineering&quot;,&quot;courses&quot;:[&quot;Machine Element Design&quot;,&quot;Engineering Analysis I&quot;,&quot;Calculus &amp; Linear Algebra I &quot;]},{&quot;id&quot;:28,&quot;firstName&quot;:&quot;Quentin&quot;,&quot;lastName&quot;:&quot;Chadwick&quot;,&quot;email&quot;:&quot;sed.turpis.nec@risusQuisque.ca&quot;,&quot;programme&quot;:&quot;Mechanical Engineering&quot;,&quot;courses&quot;:[&quot;Machine Element Design&quot;,&quot;Engineering Analysis I&quot;,&quot;Calculus &amp; Linear Algebra I &quot;]},{&quot;id&quot;:29,&quot;firstName&quot;:&quot;Arden&quot;,&quot;lastName&quot;:&quot;Abel&quot;,&quot;email&quot;:&quot;consequat.enim@ultricessit.com&quot;,&quot;programme&quot;:&quot;Law&quot;,&quot;courses&quot;:[&quot;Criminal Law&quot;,&quot;Constitutional Law&quot;,&quot;Property Law&quot;,&quot;Contracts&quot;]},{&quot;id&quot;:30,&quot;firstName&quot;:&quot;Lars&quot;,&quot;lastName&quot;:&quot;Keith&quot;,&quot;email&quot;:&quot;Fusce@Quisquefringillaeuismod.org&quot;,&quot;programme&quot;:&quot;Medicine&quot;,&quot;courses&quot;:[&quot;Anatomy&quot;,&quot;Biochemistry&quot;,&quot;Genetics&quot;,&quot;Human Behavior.&quot;]},{&quot;id&quot;:31,&quot;firstName&quot;:&quot;Emmanuel&quot;,&quot;lastName&quot;:&quot;Gavin&quot;,&quot;email&quot;:&quot;ornare.libero@perinceptoshymenaeos.co.uk&quot;,&quot;programme&quot;:&quot;Criminology&quot;,&quot;courses&quot;:[&quot;Criminal Mind&quot;,&quot;Gender, Crime and Justice &quot;,&quot;Philosophy of Law &quot;]},{&quot;id&quot;:32,&quot;firstName&quot;:&quot;Noah&quot;,&quot;lastName&quot;:&quot;Oren&quot;,&quot;email&quot;:&quot;Proin.vel@placerat.org&quot;,&quot;programme&quot;:&quot;Law&quot;,&quot;courses&quot;:[&quot;Criminal Law&quot;,&quot;Constitutional Law&quot;,&quot;Property Law&quot;,&quot;Contracts&quot;]},{&quot;id&quot;:33,&quot;firstName&quot;:&quot;Mason&quot;,&quot;lastName&quot;:&quot;Barry&quot;,&quot;email&quot;:&quot;id@incursus.co.uk&quot;,&quot;programme&quot;:&quot;Law&quot;,&quot;courses&quot;:[&quot;Criminal Law&quot;,&quot;Constitutional Law&quot;,&quot;Property Law&quot;,&quot;Contracts&quot;]},{&quot;id&quot;:34,&quot;firstName&quot;:&quot;Elliott&quot;,&quot;lastName&quot;:&quot;Brady&quot;,&quot;email&quot;:&quot;Vestibulum@adlitora.net&quot;,&quot;programme&quot;:&quot;Law&quot;,&quot;courses&quot;:[&quot;Criminal Law&quot;,&quot;Constitutional Law&quot;,&quot;Property Law&quot;,&quot;Contracts&quot;]},{&quot;id&quot;:35,&quot;firstName&quot;:&quot;Nero&quot;,&quot;lastName&quot;:&quot;Brett&quot;,&quot;email&quot;:&quot;amet.ante@sit.com&quot;,&quot;programme&quot;:&quot;Disaster Management&quot;,&quot;courses&quot;:[&quot;Disaster Preparedness&quot;]},{&quot;id&quot;:36,&quot;firstName&quot;:&quot;Elvis&quot;,&quot;lastName&quot;:&quot;Abraham&quot;,&quot;email&quot;:&quot;neque@interdumfeugiat.net&quot;,&quot;programme&quot;:&quot;Disaster Management&quot;,&quot;courses&quot;:[&quot;Disaster Preparedness&quot;]},{&quot;id&quot;:37,&quot;firstName&quot;:&quot;Kieran&quot;,&quot;lastName&quot;:&quot;Ross&quot;,&quot;email&quot;:&quot;magnis.dis.parturient@laciniaorci.edu&quot;,&quot;programme&quot;:&quot;Disaster Management&quot;,&quot;courses&quot;:[&quot;Disaster Preparedness&quot;]},{&quot;id&quot;:38,&quot;firstName&quot;:&quot;Noah&quot;,&quot;lastName&quot;:&quot;Merrill&quot;,&quot;email&quot;:&quot;et@ipsum.net&quot;,&quot;programme&quot;:&quot;Medicine&quot;,&quot;courses&quot;:[&quot;Anatomy&quot;,&quot;Biochemistry&quot;,&quot;Genetics&quot;,&quot;Human Behavior.&quot;]},{&quot;id&quot;:39,&quot;firstName&quot;:&quot;Peter&quot;,&quot;lastName&quot;:&quot;Noble&quot;,&quot;email&quot;:&quot;turpis@sagittisplaceratCras.ca&quot;,&quot;programme&quot;:&quot;Computer Science&quot;,&quot;courses&quot;:[&quot;Calculus&quot;,&quot;Algorithms&quot;,&quot;Software Development&quot;,&quot;Ethics&quot;]},{&quot;id&quot;:40,&quot;firstName&quot;:&quot;Axel&quot;,&quot;lastName&quot;:&quot;Bradley&quot;,&quot;email&quot;:&quot;ridiculus.mus@tempus.net&quot;,&quot;programme&quot;:&quot;Mechanical Engineering&quot;,&quot;courses&quot;:[&quot;Machine Element Design&quot;,&quot;Engineering Analysis I&quot;,&quot;Calculus &amp; Linear Algebra I &quot;]},{&quot;id&quot;:41,&quot;firstName&quot;:&quot;Hashim&quot;,&quot;lastName&quot;:&quot;Chancellor&quot;,&quot;email&quot;:&quot;at.pretium@eleifendvitae.net&quot;,&quot;programme&quot;:&quot;Medicine&quot;,&quot;courses&quot;:[&quot;Anatomy&quot;,&quot;Biochemistry&quot;,&quot;Genetics&quot;,&quot;Human Behavior.&quot;]},{&quot;id&quot;:42,&quot;firstName&quot;:&quot;Alan&quot;,&quot;lastName&quot;:&quot;Connor&quot;,&quot;email&quot;:&quot;vel.turpis.Aliquam@metus.org&quot;,&quot;programme&quot;:&quot;Mechanical Engineering&quot;,&quot;courses&quot;:[&quot;Machine Element Design&quot;,&quot;Engineering Analysis I&quot;,&quot;Calculus &amp; Linear Algebra I &quot;]},{&quot;id&quot;:43,&quot;firstName&quot;:&quot;Abel&quot;,&quot;lastName&quot;:&quot;Rudyard&quot;,&quot;email&quot;:&quot;orci.luctus.et@posuere.com&quot;,&quot;programme&quot;:&quot;Computer Science&quot;,&quot;courses&quot;:[&quot;Calculus&quot;,&quot;Algorithms&quot;,&quot;Software Development&quot;,&quot;Ethics&quot;]},{&quot;id&quot;:44,&quot;firstName&quot;:&quot;Cedric&quot;,&quot;lastName&quot;:&quot;Zeus&quot;,&quot;email&quot;:&quot;Quisque.tincidunt@nullaanteiaculis.co.uk&quot;,&quot;programme&quot;:&quot;Law&quot;,&quot;courses&quot;:[&quot;Criminal Law&quot;,&quot;Constitutional Law&quot;,&quot;Property Law&quot;,&quot;Contracts&quot;]},{&quot;id&quot;:45,&quot;firstName&quot;:&quot;Boris&quot;,&quot;lastName&quot;:&quot;Kato&quot;,&quot;email&quot;:&quot;dictum@tortorInteger.org&quot;,&quot;programme&quot;:&quot;Medicine&quot;,&quot;courses&quot;:[&quot;Anatomy&quot;,&quot;Biochemistry&quot;,&quot;Genetics&quot;,&quot;Human Behavior.&quot;]},{&quot;id&quot;:46,&quot;firstName&quot;:&quot;Walter&quot;,&quot;lastName&quot;:&quot;Phelan&quot;,&quot;email&quot;:&quot;diam@nectellusNunc.edu&quot;,&quot;programme&quot;:&quot;Law&quot;,&quot;courses&quot;:[&quot;Criminal Law&quot;,&quot;Constitutional Law&quot;,&quot;Property Law&quot;,&quot;Contracts&quot;]},{&quot;id&quot;:47,&quot;firstName&quot;:&quot;Preston&quot;,&quot;lastName&quot;:&quot;Branden&quot;,&quot;email&quot;:&quot;sagittis.semper@urnaNullam.net&quot;,&quot;programme&quot;:&quot;Criminology&quot;,&quot;courses&quot;:[&quot;Criminal Mind&quot;,&quot;Gender, Crime and Justice &quot;,&quot;Philosophy of Law &quot;]},{&quot;id&quot;:48,&quot;firstName&quot;:&quot;Kane&quot;,&quot;lastName&quot;:&quot;Alec&quot;,&quot;email&quot;:&quot;dignissim.Maecenas.ornare@adui.edu&quot;,&quot;programme&quot;:&quot;Law&quot;,&quot;courses&quot;:[&quot;Criminal Law&quot;,&quot;Constitutional Law&quot;,&quot;Property Law&quot;,&quot;Contracts&quot;]},{&quot;id&quot;:49,&quot;firstName&quot;:&quot;Igor&quot;,&quot;lastName&quot;:&quot;Ezra&quot;,&quot;email&quot;:&quot;cursus.non.egestas@laciniaorci.net&quot;,&quot;programme&quot;:&quot;Criminology&quot;,&quot;courses&quot;:[&quot;Criminal Mind&quot;,&quot;Gender, Crime and Justice &quot;,&quot;Philosophy of Law &quot;]},{&quot;id&quot;:50,&quot;firstName&quot;:&quot;Yoshio&quot;,&quot;lastName&quot;:&quot;Kato&quot;,&quot;email&quot;:&quot;Vivamus.rhoncus@semutcursus.ca&quot;,&quot;programme&quot;:&quot;Disaster Management&quot;,&quot;courses&quot;:[&quot;Disaster Preparedness&quot;]},{&quot;id&quot;:51,&quot;firstName&quot;:&quot;Fletcher&quot;,&quot;lastName&quot;:&quot;Vance&quot;,&quot;email&quot;:&quot;orci.lacus@hendreritDonecporttitor.net&quot;,&quot;programme&quot;:&quot;Computer Science&quot;,&quot;courses&quot;:[&quot;Calculus&quot;,&quot;Algorithms&quot;,&quot;Software Development&quot;,&quot;Ethics&quot;]},{&quot;id&quot;:52,&quot;firstName&quot;:&quot;Burton&quot;,&quot;lastName&quot;:&quot;Merrill&quot;,&quot;email&quot;:&quot;mauris@malesuada.ca&quot;,&quot;programme&quot;:&quot;Law&quot;,&quot;courses&quot;:[&quot;Criminal Law&quot;,&quot;Constitutional Law&quot;,&quot;Property Law&quot;,&quot;Contracts&quot;]},{&quot;id&quot;:53,&quot;firstName&quot;:&quot;Rafael&quot;,&quot;lastName&quot;:&quot;Vladimir&quot;,&quot;email&quot;:&quot;mauris.ipsum.porta@sit.ca&quot;,&quot;programme&quot;:&quot;Law&quot;,&quot;courses&quot;:[&quot;Criminal Law&quot;,&quot;Constitutional Law&quot;,&quot;Property Law&quot;,&quot;Contracts&quot;]},{&quot;id&quot;:54,&quot;firstName&quot;:&quot;Dolan&quot;,&quot;lastName&quot;:&quot;Hyatt&quot;,&quot;email&quot;:&quot;augue.malesuada@Pellentesqueut.net&quot;,&quot;programme&quot;:&quot;Computer Science&quot;,&quot;courses&quot;:[&quot;Calculus&quot;,&quot;Algorithms&quot;,&quot;Software Development&quot;,&quot;Ethics&quot;]},{&quot;id&quot;:55,&quot;firstName&quot;:&quot;Driscoll&quot;,&quot;lastName&quot;:&quot;Russell&quot;,&quot;email&quot;:&quot;Lorem.ipsum.dolor@eu.co.uk&quot;,&quot;programme&quot;:&quot;Computer Science&quot;,&quot;courses&quot;:[&quot;Calculus&quot;,&quot;Algorithms&quot;,&quot;Software Development&quot;,&quot;Ethics&quot;]},{&quot;id&quot;:56,&quot;firstName&quot;:&quot;Boris&quot;,&quot;lastName&quot;:&quot;Dexter&quot;,&quot;email&quot;:&quot;purus@mollis.co.uk&quot;,&quot;programme&quot;:&quot;Law&quot;,&quot;courses&quot;:[&quot;Criminal Law&quot;,&quot;Constitutional Law&quot;,&quot;Property Law&quot;,&quot;Contracts&quot;]},{&quot;id&quot;:57,&quot;firstName&quot;:&quot;Maxwell&quot;,&quot;lastName&quot;:&quot;Tarik&quot;,&quot;email&quot;:&quot;pharetra.Quisque.ac@facilisisSuspendisse.edu&quot;,&quot;programme&quot;:&quot;Criminology&quot;,&quot;courses&quot;:[&quot;Criminal Mind&quot;,&quot;Gender, Crime and Justice &quot;,&quot;Philosophy of Law &quot;]},{&quot;id&quot;:58,&quot;firstName&quot;:&quot;Nero&quot;,&quot;lastName&quot;:&quot;Ulysses&quot;,&quot;email&quot;:&quot;inceptos.hymenaeos.Mauris@Proin.edu&quot;,&quot;programme&quot;:&quot;Financial Analysis&quot;,&quot;courses&quot;:[&quot;Accounting&quot;,&quot;Statistics&quot;]},{&quot;id&quot;:59,&quot;firstName&quot;:&quot;Chase&quot;,&quot;lastName&quot;:&quot;Laith&quot;,&quot;email&quot;:&quot;ridiculus.mus.Donec@netus.org&quot;,&quot;programme&quot;:&quot;Mechanical Engineering&quot;,&quot;courses&quot;:[&quot;Machine Element Design&quot;,&quot;Engineering Analysis I&quot;,&quot;Calculus &amp; Linear Algebra I &quot;]},{&quot;id&quot;:60,&quot;firstName&quot;:&quot;Dominic&quot;,&quot;lastName&quot;:&quot;Malcolm&quot;,&quot;email&quot;:&quot;mi.felis.adipiscing@liberoettristique.edu&quot;,&quot;programme&quot;:&quot;Criminology&quot;,&quot;courses&quot;:[&quot;Criminal Mind&quot;,&quot;Gender, Crime and Justice &quot;,&quot;Philosophy of Law &quot;]},{&quot;id&quot;:61,&quot;firstName&quot;:&quot;Ross&quot;,&quot;lastName&quot;:&quot;Hedley&quot;,&quot;email&quot;:&quot;Ut.tincidunt.vehicula@nuncidenim.edu&quot;,&quot;programme&quot;:&quot;Criminology&quot;,&quot;courses&quot;:[&quot;Criminal Mind&quot;,&quot;Gender, Crime and Justice &quot;,&quot;Philosophy of Law &quot;]},{&quot;id&quot;:62,&quot;firstName&quot;:&quot;Abel&quot;,&quot;lastName&quot;:&quot;Garrett&quot;,&quot;email&quot;:&quot;rhoncus@sociisnatoquepenatibus.ca&quot;,&quot;programme&quot;:&quot;Financial Analysis&quot;,&quot;courses&quot;:[&quot;Accounting&quot;,&quot;Statistics&quot;]},{&quot;id&quot;:63,&quot;firstName&quot;:&quot;Nero&quot;,&quot;lastName&quot;:&quot;Clarke&quot;,&quot;email&quot;:&quot;eget.metus.In@disparturientmontes.org&quot;,&quot;programme&quot;:&quot;Computer Science&quot;,&quot;courses&quot;:[&quot;Calculus&quot;,&quot;Algorithms&quot;,&quot;Software Development&quot;,&quot;Ethics&quot;]},{&quot;id&quot;:64,&quot;firstName&quot;:&quot;Thane&quot;,&quot;lastName&quot;:&quot;Carl&quot;,&quot;email&quot;:&quot;ut.nulla@netuset.co.uk&quot;,&quot;programme&quot;:&quot;Criminology&quot;,&quot;courses&quot;:[&quot;Criminal Mind&quot;,&quot;Gender, Crime and Justice &quot;,&quot;Philosophy of Law &quot;]},{&quot;id&quot;:65,&quot;firstName&quot;:&quot;Jerome&quot;,&quot;lastName&quot;:&quot;Jackson&quot;,&quot;email&quot;:&quot;ac.turpis@facilisislorem.net&quot;,&quot;programme&quot;:&quot;Computer Science&quot;,&quot;courses&quot;:[&quot;Calculus&quot;,&quot;Algorithms&quot;,&quot;Software Development&quot;,&quot;Ethics&quot;]},{&quot;id&quot;:66,&quot;firstName&quot;:&quot;Tate&quot;,&quot;lastName&quot;:&quot;Martin&quot;,&quot;email&quot;:&quot;ante.blandit@semeget.org&quot;,&quot;programme&quot;:&quot;Law&quot;,&quot;courses&quot;:[&quot;Criminal Law&quot;,&quot;Constitutional Law&quot;,&quot;Property Law&quot;,&quot;Contracts&quot;]},{&quot;id&quot;:67,&quot;firstName&quot;:&quot;Caldwell&quot;,&quot;lastName&quot;:&quot;Daniel&quot;,&quot;email&quot;:&quot;lobortis@nequevenenatislacus.net&quot;,&quot;programme&quot;:&quot;Medicine&quot;,&quot;courses&quot;:[&quot;Anatomy&quot;,&quot;Biochemistry&quot;,&quot;Genetics&quot;,&quot;Human Behavior.&quot;]},{&quot;id&quot;:68,&quot;firstName&quot;:&quot;Lucian&quot;,&quot;lastName&quot;:&quot;Holmes&quot;,&quot;email&quot;:&quot;Cras@lorem.org&quot;,&quot;programme&quot;:&quot;Medicine&quot;,&quot;courses&quot;:[&quot;Anatomy&quot;,&quot;Biochemistry&quot;,&quot;Genetics&quot;,&quot;Human Behavior.&quot;]},{&quot;id&quot;:69,&quot;firstName&quot;:&quot;Akeem&quot;,&quot;lastName&quot;:&quot;Herrod&quot;,&quot;email&quot;:&quot;vel.venenatis@Nullamvelit.com&quot;,&quot;programme&quot;:&quot;Disaster Management&quot;,&quot;courses&quot;:[&quot;Disaster Preparedness&quot;]},{&quot;id&quot;:70,&quot;firstName&quot;:&quot;Vance&quot;,&quot;lastName&quot;:&quot;Colin&quot;,&quot;email&quot;:&quot;quam.vel.sapien@vellectusCum.org&quot;,&quot;programme&quot;:&quot;Disaster Management&quot;,&quot;courses&quot;:[&quot;Disaster Preparedness&quot;]},{&quot;id&quot;:71,&quot;firstName&quot;:&quot;Austin&quot;,&quot;lastName&quot;:&quot;Jelani&quot;,&quot;email&quot;:&quot;Nulla@nuncid.net&quot;,&quot;programme&quot;:&quot;Medicine&quot;,&quot;courses&quot;:[&quot;Anatomy&quot;,&quot;Biochemistry&quot;,&quot;Genetics&quot;,&quot;Human Behavior.&quot;]},{&quot;id&quot;:72,&quot;firstName&quot;:&quot;Jackson&quot;,&quot;lastName&quot;:&quot;Honorato&quot;,&quot;email&quot;:&quot;In@vestibulumlorem.com&quot;,&quot;programme&quot;:&quot;Criminology&quot;,&quot;courses&quot;:[&quot;Criminal Mind&quot;,&quot;Gender, Crime and Justice &quot;,&quot;Philosophy of Law &quot;]},{&quot;id&quot;:73,&quot;firstName&quot;:&quot;Lee&quot;,&quot;lastName&quot;:&quot;Acton&quot;,&quot;email&quot;:&quot;rutrum@mattis.org&quot;,&quot;programme&quot;:&quot;Mechanical Engineering&quot;,&quot;courses&quot;:[&quot;Machine Element Design&quot;,&quot;Engineering Analysis I&quot;,&quot;Calculus &amp; Linear Algebra I &quot;]},{&quot;id&quot;:74,&quot;firstName&quot;:&quot;Aquila&quot;,&quot;lastName&quot;:&quot;Sylvester&quot;,&quot;email&quot;:&quot;Aliquam.ultrices.iaculis@duiquisaccumsan.co.uk&quot;,&quot;programme&quot;:&quot;Criminology&quot;,&quot;courses&quot;:[&quot;Criminal Mind&quot;,&quot;Gender, Crime and Justice &quot;,&quot;Philosophy of Law &quot;]},{&quot;id&quot;:75,&quot;firstName&quot;:&quot;Baker&quot;,&quot;lastName&quot;:&quot;Cairo&quot;,&quot;email&quot;:&quot;fermentum@diam.com&quot;,&quot;programme&quot;:&quot;Financial Analysis&quot;,&quot;courses&quot;:[&quot;Accounting&quot;,&quot;Statistics&quot;]},{&quot;id&quot;:76,&quot;firstName&quot;:&quot;Samuel&quot;,&quot;lastName&quot;:&quot;Kibo&quot;,&quot;email&quot;:&quot;semper@enimcommodohendrerit.co.uk&quot;,&quot;programme&quot;:&quot;Criminology&quot;,&quot;courses&quot;:[&quot;Criminal Mind&quot;,&quot;Gender, Crime and Justice &quot;,&quot;Philosophy of Law &quot;]},{&quot;id&quot;:77,&quot;firstName&quot;:&quot;Byron&quot;,&quot;lastName&quot;:&quot;Warren&quot;,&quot;email&quot;:&quot;enim.Etiam.imperdiet@sitamet.ca&quot;,&quot;programme&quot;:&quot;Mechanical Engineering&quot;,&quot;courses&quot;:[&quot;Machine Element Design&quot;,&quot;Engineering Analysis I&quot;,&quot;Calculus &amp; Linear Algebra I &quot;]},{&quot;id&quot;:78,&quot;firstName&quot;:&quot;Declan&quot;,&quot;lastName&quot;:&quot;Barclay&quot;,&quot;email&quot;:&quot;Proin.nisl.sem@Aliquamnecenim.org&quot;,&quot;programme&quot;:&quot;Mechanical Engineering&quot;,&quot;courses&quot;:[&quot;Machine Element Design&quot;,&quot;Engineering Analysis I&quot;,&quot;Calculus &amp; Linear Algebra I &quot;]},{&quot;id&quot;:79,&quot;firstName&quot;:&quot;Robert&quot;,&quot;lastName&quot;:&quot;Cullen&quot;,&quot;email&quot;:&quot;in.dolor@pede.co.uk&quot;,&quot;programme&quot;:&quot;Disaster Management&quot;,&quot;courses&quot;:[&quot;Disaster Preparedness&quot;]},{&quot;id&quot;:80,&quot;firstName&quot;:&quot;Troy&quot;,&quot;lastName&quot;:&quot;Simon&quot;,&quot;email&quot;:&quot;Cras.vulputate.velit@ornare.org&quot;,&quot;programme&quot;:&quot;Criminology&quot;,&quot;courses&quot;:[&quot;Criminal Mind&quot;,&quot;Gender, Crime and Justice &quot;,&quot;Philosophy of Law &quot;]},{&quot;id&quot;:81,&quot;firstName&quot;:&quot;Tiger&quot;,&quot;lastName&quot;:&quot;Wylie&quot;,&quot;email&quot;:&quot;risus.quis.diam@Proin.ca&quot;,&quot;programme&quot;:&quot;Disaster Management&quot;,&quot;courses&quot;:[&quot;Disaster Preparedness&quot;]},{&quot;id&quot;:82,&quot;firstName&quot;:&quot;Herrod&quot;,&quot;lastName&quot;:&quot;Adam&quot;,&quot;email&quot;:&quot;hendrerit.neque@a.co.uk&quot;,&quot;programme&quot;:&quot;Medicine&quot;,&quot;courses&quot;:[&quot;Anatomy&quot;,&quot;Biochemistry&quot;,&quot;Genetics&quot;,&quot;Human Behavior.&quot;]},{&quot;id&quot;:83,&quot;firstName&quot;:&quot;Yuli&quot;,&quot;lastName&quot;:&quot;Griffin&quot;,&quot;email&quot;:&quot;ipsum.non@vitae.co.uk&quot;,&quot;programme&quot;:&quot;Criminology&quot;,&quot;courses&quot;:[&quot;Criminal Mind&quot;,&quot;Gender, Crime and Justice &quot;,&quot;Philosophy of Law &quot;]},{&quot;id&quot;:84,&quot;firstName&quot;:&quot;Chancellor&quot;,&quot;lastName&quot;:&quot;Ali&quot;,&quot;email&quot;:&quot;ultrices@Nullam.net&quot;,&quot;programme&quot;:&quot;Medicine&quot;,&quot;courses&quot;:[&quot;Anatomy&quot;,&quot;Biochemistry&quot;,&quot;Genetics&quot;,&quot;Human Behavior.&quot;]},{&quot;id&quot;:85,&quot;firstName&quot;:&quot;Charles&quot;,&quot;lastName&quot;:&quot;Randall&quot;,&quot;email&quot;:&quot;ipsum.porta.elit@morbitristique.net&quot;,&quot;programme&quot;:&quot;Law&quot;,&quot;courses&quot;:[&quot;Criminal Law&quot;,&quot;Constitutional Law&quot;,&quot;Property Law&quot;,&quot;Contracts&quot;]},{&quot;id&quot;:86,&quot;firstName&quot;:&quot;Lucius&quot;,&quot;lastName&quot;:&quot;Gage&quot;,&quot;email&quot;:&quot;auctor.vitae.aliquet@parturient.org&quot;,&quot;programme&quot;:&quot;Disaster Management&quot;,&quot;courses&quot;:[&quot;Disaster Preparedness&quot;]},{&quot;id&quot;:87,&quot;firstName&quot;:&quot;Richard&quot;,&quot;lastName&quot;:&quot;Dane&quot;,&quot;email&quot;:&quot;Nulla.eget@musDonecdignissim.co.uk&quot;,&quot;programme&quot;:&quot;Mechanical Engineering&quot;,&quot;courses&quot;:[&quot;Machine Element Design&quot;,&quot;Engineering Analysis I&quot;,&quot;Calculus &amp; Linear Algebra I &quot;]},{&quot;id&quot;:88,&quot;firstName&quot;:&quot;Addison&quot;,&quot;lastName&quot;:&quot;Jermaine&quot;,&quot;email&quot;:&quot;est.Mauris@et.co.uk&quot;,&quot;programme&quot;:&quot;Disaster Management&quot;,&quot;courses&quot;:[&quot;Disaster Preparedness&quot;]},{&quot;id&quot;:89,&quot;firstName&quot;:&quot;Acton&quot;,&quot;lastName&quot;:&quot;Elliott&quot;,&quot;email&quot;:&quot;sem.eget@posuerecubiliaCurae.ca&quot;,&quot;programme&quot;:&quot;Medicine&quot;,&quot;courses&quot;:[&quot;Anatomy&quot;,&quot;Biochemistry&quot;,&quot;Genetics&quot;,&quot;Human Behavior.&quot;]},{&quot;id&quot;:90,&quot;firstName&quot;:&quot;Channing&quot;,&quot;lastName&quot;:&quot;Howard&quot;,&quot;email&quot;:&quot;est.congue@velit.com&quot;,&quot;programme&quot;:&quot;Medicine&quot;,&quot;courses&quot;:[&quot;Anatomy&quot;,&quot;Biochemistry&quot;,&quot;Genetics&quot;,&quot;Human Behavior.&quot;]},{&quot;id&quot;:91,&quot;firstName&quot;:&quot;Darius&quot;,&quot;lastName&quot;:&quot;Nehru&quot;,&quot;email&quot;:&quot;risus.varius.orci@sitamet.edu&quot;,&quot;programme&quot;:&quot;Medicine&quot;,&quot;courses&quot;:[&quot;Anatomy&quot;,&quot;Biochemistry&quot;,&quot;Genetics&quot;,&quot;Human Behavior.&quot;]},{&quot;id&quot;:92,&quot;firstName&quot;:&quot;Walter&quot;,&quot;lastName&quot;:&quot;Arsenio&quot;,&quot;email&quot;:&quot;a.ultricies@duiFusce.edu&quot;,&quot;programme&quot;:&quot;Financial Analysis&quot;,&quot;courses&quot;:[&quot;Accounting&quot;,&quot;Statistics&quot;]},{&quot;id&quot;:93,&quot;firstName&quot;:&quot;Dieter&quot;,&quot;lastName&quot;:&quot;Matthew&quot;,&quot;email&quot;:&quot;a@pretium.ca&quot;,&quot;programme&quot;:&quot;Mechanical Engineering&quot;,&quot;courses&quot;:[&quot;Machine Element Design&quot;,&quot;Engineering Analysis I&quot;,&quot;Calculus &amp; Linear Algebra I &quot;]},{&quot;id&quot;:94,&quot;firstName&quot;:&quot;Evan&quot;,&quot;lastName&quot;:&quot;Yoshio&quot;,&quot;email&quot;:&quot;sapien.gravida.non@noncursus.com&quot;,&quot;programme&quot;:&quot;Financial Analysis&quot;,&quot;courses&quot;:[&quot;Accounting&quot;,&quot;Statistics&quot;]},{&quot;id&quot;:95,&quot;firstName&quot;:&quot;Hamilton&quot;,&quot;lastName&quot;:&quot;Dennis&quot;,&quot;email&quot;:&quot;luctus.lobortis@nonbibendumsed.com&quot;,&quot;programme&quot;:&quot;Mechanical Engineering&quot;,&quot;courses&quot;:[&quot;Machine Element Design&quot;,&quot;Engineering Analysis I&quot;,&quot;Calculus &amp; Linear Algebra I &quot;]},{&quot;id&quot;:96,&quot;firstName&quot;:&quot;Gavin&quot;,&quot;lastName&quot;:&quot;Driscoll&quot;,&quot;email&quot;:&quot;lacinia.mattis@risusDonec.net&quot;,&quot;programme&quot;:&quot;Medicine&quot;,&quot;courses&quot;:[&quot;Anatomy&quot;,&quot;Biochemistry&quot;,&quot;Genetics&quot;,&quot;Human Behavior.&quot;]},{&quot;id&quot;:97,&quot;firstName&quot;:&quot;Brendan&quot;,&quot;lastName&quot;:&quot;Allistair&quot;,&quot;email&quot;:&quot;Nunc.laoreet@Sed.ca&quot;,&quot;programme&quot;:&quot;Computer Science&quot;,&quot;courses&quot;:[&quot;Calculus&quot;,&quot;Algorithms&quot;,&quot;Software Development&quot;,&quot;Ethics&quot;]},{&quot;id&quot;:98,&quot;firstName&quot;:&quot;Gary&quot;,&quot;lastName&quot;:&quot;Robert&quot;,&quot;email&quot;:&quot;molestie@vitaesemper.ca&quot;,&quot;programme&quot;:&quot;Computer Science&quot;,&quot;courses&quot;:[&quot;Calculus&quot;,&quot;Algorithms&quot;,&quot;Software Development&quot;,&quot;Ethics&quot;]},{&quot;id&quot;:99,&quot;firstName&quot;:&quot;Fletcher&quot;,&quot;lastName&quot;:&quot;Brenden&quot;,&quot;email&quot;:&quot;semper@nequesed.co.uk&quot;,&quot;programme&quot;:&quot;Computer Science&quot;,&quot;courses&quot;:[&quot;Calculus&quot;,&quot;Algorithms&quot;,&quot;Software Development&quot;,&quot;Ethics&quot;]},{&quot;id&quot;:100,&quot;firstName&quot;:&quot;Oscar&quot;,&quot;lastName&quot;:&quot;Barclay&quot;,&quot;email&quot;:&quot;non.ante.bibendum@risusDonecegestas.edu&quot;,&quot;programme&quot;:&quot;Mechanical Engineering&quot;,&quot;courses&quot;:[&quot;Machine Element Design&quot;,&quot;Engineering Analysis I&quot;,&quot;Calculus &amp; Linear Algebra I &quot;]},{&quot;id&quot;:101,&quot;firstName&quot;:&quot;testName1&quot;,&quot;lastName&quot;:&quot;lastName1&quot;,&quot;email&quot;:&quot;testName1@gmail.com&quot;,&quot;programme&quot;:&quot;programme1&quot;,&quot;courses&quot;:[&quot;c1&quot;,&quot;c2&quot;,&quot;c3&quot;]},{&quot;id&quot;:102,&quot;firstName&quot;:&quot;testName2&quot;,&quot;lastName&quot;:&quot;lastName2&quot;,&quot;email&quot;:&quot;testName2@gmail.com&quot;,&quot;programme&quot;:&quot;programme1&quot;,&quot;courses&quot;:[&quot;c1&quot;,&quot;c2&quot;,&quot;c3&quot;]},{&quot;id&quot;:103,&quot;firstName&quot;:&quot;testName3&quot;,&quot;lastName&quot;:&quot;lastName3&quot;,&quot;email&quot;:&quot;testName3@gmail.com&quot;,&quot;programme&quot;:&quot;programme1&quot;,&quot;courses&quot;:[&quot;c1&quot;,&quot;c2&quot;,&quot;c3&quot;]},{&quot;id&quot;:104,&quot;firstName&quot;:&quot;testName4&quot;,&quot;lastName&quot;:&quot;lastName4&quot;,&quot;email&quot;:&quot;testName4@gmail.com&quot;,&quot;programme&quot;:&quot;programme1&quot;,&quot;courses&quot;:[&quot;c1&quot;,&quot;c2&quot;,&quot;c3&quot;]},{&quot;id&quot;:105,&quot;firstName&quot;:&quot;testName5&quot;,&quot;lastName&quot;:&quot;lastName5&quot;,&quot;email&quot;:&quot;testName5@gmail.com&quot;,&quot;programme&quot;:&quot;programme1&quot;,&quot;courses&quot;:[&quot;c1&quot;,&quot;c2&quot;,&quot;c3&quot;]}]
">
      <![CDATA[java.lang.AssertionError: 1 expectation failed.
Response body doesn't match expectation.
Expected: The content to match the given JSON schema.
warning: the following keywords are unknown and will be ignored: [$id]
    level: "warning"
    schema: {"loadingURI":"#","pointer":""}
    domain: "syntax"
    ignored: ["$id"]
warning: the following keywords are unknown and will be ignored: [$id]
    level: "warning"
    schema: {"loadingURI":"#","pointer":"/properties/courses"}
    domain: "syntax"
    ignored: ["$id"]
warning: the following keywords are unknown and will be ignored: [$id]
    level: "warning"
    schema: {"loadingURI":"#","pointer":"/properties/courses/items"}
    domain: "syntax"
    ignored: ["$id"]
warning: the following keywords are unknown and will be ignored: [$id]
    level: "warning"
    schema: {"loadingURI":"#","pointer":"/properties/courses/items/anyOf/0"}
    domain: "syntax"
    ignored: ["$id"]
warning: the following keywords are unknown and will be ignored: [$id]
    level: "warning"
    schema: {"loadingURI":"#","pointer":"/properties/email"}
    domain: "syntax"
    ignored: ["$id"]
warning: the following keywords are unknown and will be ignored: [$id]
    level: "warning"
    schema: {"loadingURI":"#","pointer":"/properties/firstName"}
    domain: "syntax"
    ignored: ["$id"]
warning: the following keywords are unknown and will be ignored: [$id]
    level: "warning"
    schema: {"loadingURI":"#","pointer":"/properties/id"}
    domain: "syntax"
    ignored: ["$id"]
warning: the following keywords are unknown and will be ignored: [$id]
    level: "warning"
    schema: {"loadingURI":"#","pointer":"/properties/lastName"}
    domain: "syntax"
    ignored: ["$id"]
warning: the following keywords are unknown and will be ignored: [$id]
    level: "warning"
    schema: {"loadingURI":"#","pointer":"/properties/programme"}
    domain: "syntax"
    ignored: ["$id"]
error: instance type (array) does not match any allowed primitive type (allowed: ["object"])
    level: "error"
    schema: {"loadingURI":"#","pointer":""}
    instance: {"pointer":""}
    domain: "validation"
    keyword: "type"
    found: "array"
    expected: ["object"]

  Actual: [{"id":1,"firstName":"Vernon","lastName":"Harper","email":"egestas.rhoncus.Proin@massaQuisqueporttitor.org","programme":"Financial Analysis","courses":["Accounting","Statistics"]},{"id":2,"firstName":"Murphy","lastName":"Holmes","email":"faucibus.orci.luctus@Duisac.net","programme":"Financial Analysis","courses":["Accounting","Statistics"]},{"id":3,"firstName":"Reece","lastName":"Jason","email":"tincidunt.dui@ultricessit.co.uk","programme":"Computer Science","courses":["Calculus","Algorithms","Software Development","Ethics"]},{"id":4,"firstName":"Orson","lastName":"Armando","email":"nascetur@conguea.com","programme":"Computer Science","courses":["Calculus","Algorithms","Software Development","Ethics"]},{"id":5,"firstName":"Cullen","lastName":"Craig","email":"imperdiet.ullamcorper@nonenimMauris.co.uk","programme":"Disaster Management","courses":["Disaster Preparedness"]},{"id":6,"firstName":"Harper","lastName":"Rashad","email":"vestibulum@ridiculusmus.edu","programme":"Disaster Management","courses":["Disaster Preparedness"]},{"id":7,"firstName":"Roth","lastName":"Grant","email":"eu.tellus@anuncIn.edu","programme":"Mechanical Engineering","courses":["Machine Element Design","Engineering Analysis I","Calculus & Linear Algebra I "]},{"id":8,"firstName":"Jermaine","lastName":"Alden","email":"scelerisque.sed@senectuset.org","programme":"Law","courses":["Criminal Law","Constitutional Law","Property Law","Contracts"]},{"id":9,"firstName":"Sebastian","lastName":"Jesse","email":"faucibus@sed.co.uk","programme":"Medicine","courses":["Anatomy","Biochemistry","Genetics","Human Behavior."]},{"id":10,"firstName":"Todd","lastName":"Beck","email":"Fusce.dolor.quam@commodoauctor.org","programme":"Financial Analysis","courses":["Accounting","Statistics"]},{"id":11,"firstName":"Giacomo","lastName":"Raphael","email":"magnis.dis@idmagnaet.com","programme":"Medicine","courses":["Anatomy","Biochemistry","Genetics","Human Behavior."]},{"id":12,"firstName":"Chadwick","lastName":"Lawrence","email":"turpis.non.enim@sociisnatoque.com","programme":"Criminology","courses":["Criminal Mind","Gender, Crime and Justice ","Philosophy of Law "]},{"id":13,"firstName":"Zachary","lastName":"Vance","email":"In.tincidunt.congue@Quisque.com","programme":"Criminology","courses":["Criminal Mind","Gender, Crime and Justice ","Philosophy of Law "]},{"id":14,"firstName":"Denton","lastName":"Walker","email":"Integer.sem@iaculisodioNam.edu","programme":"Mechanical Engineering","courses":["Machine Element Design","Engineering Analysis I","Calculus & Linear Algebra I "]},{"id":15,"firstName":"Hakeem","lastName":"Fitzgerald","email":"accumsan@luctuset.edu","programme":"Financial Analysis","courses":["Accounting","Statistics"]},{"id":16,"firstName":"Jakeem","lastName":"Philip","email":"montes.nascetur.ridiculus@loremDonec.com","programme":"Mechanical Engineering","courses":["Machine Element Design","Engineering Analysis I","Calculus & Linear Algebra I "]},{"id":17,"firstName":"Amal","lastName":"Emery","email":"turpis.egestas.Aliquam@fermentum.net","programme":"Computer Science","courses":["Calculus","Algorithms","Software Development","Ethics"]},{"id":18,"firstName":"Reed","lastName":"Wylie","email":"Suspendisse.aliquet.sem@atrisus.org","programme":"Medicine","courses":["Anatomy","Biochemistry","Genetics","Human Behavior."]},{"id":19,"firstName":"Lev","lastName":"Philip","email":"dolor.elit.pellentesque@enimEtiamimperdiet.ca","programme":"Computer Science","courses":["Calculus","Algorithms","Software Development","Ethics"]},{"id":20,"firstName":"Lamar","lastName":"Berk","email":"leo.Vivamus@sit.org","programme":"Medicine","courses":["Anatomy","Biochemistry","Genetics","Human Behavior."]},{"id":21,"firstName":"Nathaniel","lastName":"Colton","email":"hendrerit@et.co.uk","programme":"Medicine","courses":["Anatomy","Biochemistry","Genetics","Human Behavior."]},{"id":22,"firstName":"Kennan","lastName":"Jacob","email":"vel.vulputate@vitaedolorDonec.ca","programme":"Financial Analysis","courses":["Accounting","Statistics"]},{"id":23,"firstName":"Omar","lastName":"Colt","email":"venenatis.a@Pellentesque.co.uk","programme":"Mechanical Engineering","courses":["Machine Element Design","Engineering Analysis I","Calculus & Linear Algebra I "]},{"id":24,"firstName":"Tanek","lastName":"Scott","email":"Sed.malesuada@porttitoreros.ca","programme":"Criminology","courses":["Criminal Mind","Gender, Crime and Justice ","Philosophy of Law "]},{"id":25,"firstName":"Paki","lastName":"Samson","email":"ornare@Mauriseuturpis.edu","programme":"Law","courses":["Criminal Law","Constitutional Law","Property Law","Contracts"]},{"id":26,"firstName":"James","lastName":"Jonah","email":"Nullam@Cras.net","programme":"Mechanical Engineering","courses":["Machine Element Design","Engineering Analysis I","Calculus & Linear Algebra I "]},{"id":27,"firstName":"Cade","lastName":"Vernon","email":"pharetra.sed@Aliquamvulputateullamcorper.ca","programme":"Mechanical Engineering","courses":["Machine Element Design","Engineering Analysis I","Calculus & Linear Algebra I "]},{"id":28,"firstName":"Quentin","lastName":"Chadwick","email":"sed.turpis.nec@risusQuisque.ca","programme":"Mechanical Engineering","courses":["Machine Element Design","Engineering Analysis I","Calculus & Linear Algebra I "]},{"id":29,"firstName":"Arden","lastName":"Abel","email":"consequat.enim@ultricessit.com","programme":"Law","courses":["Criminal Law","Constitutional Law","Property Law","Contracts"]},{"id":30,"firstName":"Lars","lastName":"Keith","email":"Fusce@Quisquefringillaeuismod.org","programme":"Medicine","courses":["Anatomy","Biochemistry","Genetics","Human Behavior."]},{"id":31,"firstName":"Emmanuel","lastName":"Gavin","email":"ornare.libero@perinceptoshymenaeos.co.uk","programme":"Criminology","courses":["Criminal Mind","Gender, Crime and Justice ","Philosophy of Law "]},{"id":32,"firstName":"Noah","lastName":"Oren","email":"Proin.vel@placerat.org","programme":"Law","courses":["Criminal Law","Constitutional Law","Property Law","Contracts"]},{"id":33,"firstName":"Mason","lastName":"Barry","email":"id@incursus.co.uk","programme":"Law","courses":["Criminal Law","Constitutional Law","Property Law","Contracts"]},{"id":34,"firstName":"Elliott","lastName":"Brady","email":"Vestibulum@adlitora.net","programme":"Law","courses":["Criminal Law","Constitutional Law","Property Law","Contracts"]},{"id":35,"firstName":"Nero","lastName":"Brett","email":"amet.ante@sit.com","programme":"Disaster Management","courses":["Disaster Preparedness"]},{"id":36,"firstName":"Elvis","lastName":"Abraham","email":"neque@interdumfeugiat.net","programme":"Disaster Management","courses":["Disaster Preparedness"]},{"id":37,"firstName":"Kieran","lastName":"Ross","email":"magnis.dis.parturient@laciniaorci.edu","programme":"Disaster Management","courses":["Disaster Preparedness"]},{"id":38,"firstName":"Noah","lastName":"Merrill","email":"et@ipsum.net","programme":"Medicine","courses":["Anatomy","Biochemistry","Genetics","Human Behavior."]},{"id":39,"firstName":"Peter","lastName":"Noble","email":"turpis@sagittisplaceratCras.ca","programme":"Computer Science","courses":["Calculus","Algorithms","Software Development","Ethics"]},{"id":40,"firstName":"Axel","lastName":"Bradley","email":"ridiculus.mus@tempus.net","programme":"Mechanical Engineering","courses":["Machine Element Design","Engineering Analysis I","Calculus & Linear Algebra I "]},{"id":41,"firstName":"Hashim","lastName":"Chancellor","email":"at.pretium@eleifendvitae.net","programme":"Medicine","courses":["Anatomy","Biochemistry","Genetics","Human Behavior."]},{"id":42,"firstName":"Alan","lastName":"Connor","email":"vel.turpis.Aliquam@metus.org","programme":"Mechanical Engineering","courses":["Machine Element Design","Engineering Analysis I","Calculus & Linear Algebra I "]},{"id":43,"firstName":"Abel","lastName":"Rudyard","email":"orci.luctus.et@posuere.com","programme":"Computer Science","courses":["Calculus","Algorithms","Software Development","Ethics"]},{"id":44,"firstName":"Cedric","lastName":"Zeus","email":"Quisque.tincidunt@nullaanteiaculis.co.uk","programme":"Law","courses":["Criminal Law","Constitutional Law","Property Law","Contracts"]},{"id":45,"firstName":"Boris","lastName":"Kato","email":"dictum@tortorInteger.org","programme":"Medicine","courses":["Anatomy","Biochemistry","Genetics","Human Behavior."]},{"id":46,"firstName":"Walter","lastName":"Phelan","email":"diam@nectellusNunc.edu","programme":"Law","courses":["Criminal Law","Constitutional Law","Property Law","Contracts"]},{"id":47,"firstName":"Preston","lastName":"Branden","email":"sagittis.semper@urnaNullam.net","programme":"Criminology","courses":["Criminal Mind","Gender, Crime and Justice ","Philosophy of Law "]},{"id":48,"firstName":"Kane","lastName":"Alec","email":"dignissim.Maecenas.ornare@adui.edu","programme":"Law","courses":["Criminal Law","Constitutional Law","Property Law","Contracts"]},{"id":49,"firstName":"Igor","lastName":"Ezra","email":"cursus.non.egestas@laciniaorci.net","programme":"Criminology","courses":["Criminal Mind","Gender, Crime and Justice ","Philosophy of Law "]},{"id":50,"firstName":"Yoshio","lastName":"Kato","email":"Vivamus.rhoncus@semutcursus.ca","programme":"Disaster Management","courses":["Disaster Preparedness"]},{"id":51,"firstName":"Fletcher","lastName":"Vance","email":"orci.lacus@hendreritDonecporttitor.net","programme":"Computer Science","courses":["Calculus","Algorithms","Software Development","Ethics"]},{"id":52,"firstName":"Burton","lastName":"Merrill","email":"mauris@malesuada.ca","programme":"Law","courses":["Criminal Law","Constitutional Law","Property Law","Contracts"]},{"id":53,"firstName":"Rafael","lastName":"Vladimir","email":"mauris.ipsum.porta@sit.ca","programme":"Law","courses":["Criminal Law","Constitutional Law","Property Law","Contracts"]},{"id":54,"firstName":"Dolan","lastName":"Hyatt","email":"augue.malesuada@Pellentesqueut.net","programme":"Computer Science","courses":["Calculus","Algorithms","Software Development","Ethics"]},{"id":55,"firstName":"Driscoll","lastName":"Russell","email":"Lorem.ipsum.dolor@eu.co.uk","programme":"Computer Science","courses":["Calculus","Algorithms","Software Development","Ethics"]},{"id":56,"firstName":"Boris","lastName":"Dexter","email":"purus@mollis.co.uk","programme":"Law","courses":["Criminal Law","Constitutional Law","Property Law","Contracts"]},{"id":57,"firstName":"Maxwell","lastName":"Tarik","email":"pharetra.Quisque.ac@facilisisSuspendisse.edu","programme":"Criminology","courses":["Criminal Mind","Gender, Crime and Justice ","Philosophy of Law "]},{"id":58,"firstName":"Nero","lastName":"Ulysses","email":"inceptos.hymenaeos.Mauris@Proin.edu","programme":"Financial Analysis","courses":["Accounting","Statistics"]},{"id":59,"firstName":"Chase","lastName":"Laith","email":"ridiculus.mus.Donec@netus.org","programme":"Mechanical Engineering","courses":["Machine Element Design","Engineering Analysis I","Calculus & Linear Algebra I "]},{"id":60,"firstName":"Dominic","lastName":"Malcolm","email":"mi.felis.adipiscing@liberoettristique.edu","programme":"Criminology","courses":["Criminal Mind","Gender, Crime and Justice ","Philosophy of Law "]},{"id":61,"firstName":"Ross","lastName":"Hedley","email":"Ut.tincidunt.vehicula@nuncidenim.edu","programme":"Criminology","courses":["Criminal Mind","Gender, Crime and Justice ","Philosophy of Law "]},{"id":62,"firstName":"Abel","lastName":"Garrett","email":"rhoncus@sociisnatoquepenatibus.ca","programme":"Financial Analysis","courses":["Accounting","Statistics"]},{"id":63,"firstName":"Nero","lastName":"Clarke","email":"eget.metus.In@disparturientmontes.org","programme":"Computer Science","courses":["Calculus","Algorithms","Software Development","Ethics"]},{"id":64,"firstName":"Thane","lastName":"Carl","email":"ut.nulla@netuset.co.uk","programme":"Criminology","courses":["Criminal Mind","Gender, Crime and Justice ","Philosophy of Law "]},{"id":65,"firstName":"Jerome","lastName":"Jackson","email":"ac.turpis@facilisislorem.net","programme":"Computer Science","courses":["Calculus","Algorithms","Software Development","Ethics"]},{"id":66,"firstName":"Tate","lastName":"Martin","email":"ante.blandit@semeget.org","programme":"Law","courses":["Criminal Law","Constitutional Law","Property Law","Contracts"]},{"id":67,"firstName":"Caldwell","lastName":"Daniel","email":"lobortis@nequevenenatislacus.net","programme":"Medicine","courses":["Anatomy","Biochemistry","Genetics","Human Behavior."]},{"id":68,"firstName":"Lucian","lastName":"Holmes","email":"Cras@lorem.org","programme":"Medicine","courses":["Anatomy","Biochemistry","Genetics","Human Behavior."]},{"id":69,"firstName":"Akeem","lastName":"Herrod","email":"vel.venenatis@Nullamvelit.com","programme":"Disaster Management","courses":["Disaster Preparedness"]},{"id":70,"firstName":"Vance","lastName":"Colin","email":"quam.vel.sapien@vellectusCum.org","programme":"Disaster Management","courses":["Disaster Preparedness"]},{"id":71,"firstName":"Austin","lastName":"Jelani","email":"Nulla@nuncid.net","programme":"Medicine","courses":["Anatomy","Biochemistry","Genetics","Human Behavior."]},{"id":72,"firstName":"Jackson","lastName":"Honorato","email":"In@vestibulumlorem.com","programme":"Criminology","courses":["Criminal Mind","Gender, Crime and Justice ","Philosophy of Law "]},{"id":73,"firstName":"Lee","lastName":"Acton","email":"rutrum@mattis.org","programme":"Mechanical Engineering","courses":["Machine Element Design","Engineering Analysis I","Calculus & Linear Algebra I "]},{"id":74,"firstName":"Aquila","lastName":"Sylvester","email":"Aliquam.ultrices.iaculis@duiquisaccumsan.co.uk","programme":"Criminology","courses":["Criminal Mind","Gender, Crime and Justice ","Philosophy of Law "]},{"id":75,"firstName":"Baker","lastName":"Cairo","email":"fermentum@diam.com","programme":"Financial Analysis","courses":["Accounting","Statistics"]},{"id":76,"firstName":"Samuel","lastName":"Kibo","email":"semper@enimcommodohendrerit.co.uk","programme":"Criminology","courses":["Criminal Mind","Gender, Crime and Justice ","Philosophy of Law "]},{"id":77,"firstName":"Byron","lastName":"Warren","email":"enim.Etiam.imperdiet@sitamet.ca","programme":"Mechanical Engineering","courses":["Machine Element Design","Engineering Analysis I","Calculus & Linear Algebra I "]},{"id":78,"firstName":"Declan","lastName":"Barclay","email":"Proin.nisl.sem@Aliquamnecenim.org","programme":"Mechanical Engineering","courses":["Machine Element Design","Engineering Analysis I","Calculus & Linear Algebra I "]},{"id":79,"firstName":"Robert","lastName":"Cullen","email":"in.dolor@pede.co.uk","programme":"Disaster Management","courses":["Disaster Preparedness"]},{"id":80,"firstName":"Troy","lastName":"Simon","email":"Cras.vulputate.velit@ornare.org","programme":"Criminology","courses":["Criminal Mind","Gender, Crime and Justice ","Philosophy of Law "]},{"id":81,"firstName":"Tiger","lastName":"Wylie","email":"risus.quis.diam@Proin.ca","programme":"Disaster Management","courses":["Disaster Preparedness"]},{"id":82,"firstName":"Herrod","lastName":"Adam","email":"hendrerit.neque@a.co.uk","programme":"Medicine","courses":["Anatomy","Biochemistry","Genetics","Human Behavior."]},{"id":83,"firstName":"Yuli","lastName":"Griffin","email":"ipsum.non@vitae.co.uk","programme":"Criminology","courses":["Criminal Mind","Gender, Crime and Justice ","Philosophy of Law "]},{"id":84,"firstName":"Chancellor","lastName":"Ali","email":"ultrices@Nullam.net","programme":"Medicine","courses":["Anatomy","Biochemistry","Genetics","Human Behavior."]},{"id":85,"firstName":"Charles","lastName":"Randall","email":"ipsum.porta.elit@morbitristique.net","programme":"Law","courses":["Criminal Law","Constitutional Law","Property Law","Contracts"]},{"id":86,"firstName":"Lucius","lastName":"Gage","email":"auctor.vitae.aliquet@parturient.org","programme":"Disaster Management","courses":["Disaster Preparedness"]},{"id":87,"firstName":"Richard","lastName":"Dane","email":"Nulla.eget@musDonecdignissim.co.uk","programme":"Mechanical Engineering","courses":["Machine Element Design","Engineering Analysis I","Calculus & Linear Algebra I "]},{"id":88,"firstName":"Addison","lastName":"Jermaine","email":"est.Mauris@et.co.uk","programme":"Disaster Management","courses":["Disaster Preparedness"]},{"id":89,"firstName":"Acton","lastName":"Elliott","email":"sem.eget@posuerecubiliaCurae.ca","programme":"Medicine","courses":["Anatomy","Biochemistry","Genetics","Human Behavior."]},{"id":90,"firstName":"Channing","lastName":"Howard","email":"est.congue@velit.com","programme":"Medicine","courses":["Anatomy","Biochemistry","Genetics","Human Behavior."]},{"id":91,"firstName":"Darius","lastName":"Nehru","email":"risus.varius.orci@sitamet.edu","programme":"Medicine","courses":["Anatomy","Biochemistry","Genetics","Human Behavior."]},{"id":92,"firstName":"Walter","lastName":"Arsenio","email":"a.ultricies@duiFusce.edu","programme":"Financial Analysis","courses":["Accounting","Statistics"]},{"id":93,"firstName":"Dieter","lastName":"Matthew","email":"a@pretium.ca","programme":"Mechanical Engineering","courses":["Machine Element Design","Engineering Analysis I","Calculus & Linear Algebra I "]},{"id":94,"firstName":"Evan","lastName":"Yoshio","email":"sapien.gravida.non@noncursus.com","programme":"Financial Analysis","courses":["Accounting","Statistics"]},{"id":95,"firstName":"Hamilton","lastName":"Dennis","email":"luctus.lobortis@nonbibendumsed.com","programme":"Mechanical Engineering","courses":["Machine Element Design","Engineering Analysis I","Calculus & Linear Algebra I "]},{"id":96,"firstName":"Gavin","lastName":"Driscoll","email":"lacinia.mattis@risusDonec.net","programme":"Medicine","courses":["Anatomy","Biochemistry","Genetics","Human Behavior."]},{"id":97,"firstName":"Brendan","lastName":"Allistair","email":"Nunc.laoreet@Sed.ca","programme":"Computer Science","courses":["Calculus","Algorithms","Software Development","Ethics"]},{"id":98,"firstName":"Gary","lastName":"Robert","email":"molestie@vitaesemper.ca","programme":"Computer Science","courses":["Calculus","Algorithms","Software Development","Ethics"]},{"id":99,"firstName":"Fletcher","lastName":"Brenden","email":"semper@nequesed.co.uk","programme":"Computer Science","courses":["Calculus","Algorithms","Software Development","Ethics"]},{"id":100,"firstName":"Oscar","lastName":"Barclay","email":"non.ante.bibendum@risusDonecegestas.edu","programme":"Mechanical Engineering","courses":["Machine Element Design","Engineering Analysis I","Calculus & Linear Algebra I "]},{"id":101,"firstName":"testName1","lastName":"lastName1","email":"testName1@gmail.com","programme":"programme1","courses":["c1","c2","c3"]},{"id":102,"firstName":"testName2","lastName":"lastName2","email":"testName2@gmail.com","programme":"programme1","courses":["c1","c2","c3"]},{"id":103,"firstName":"testName3","lastName":"lastName3","email":"testName3@gmail.com","programme":"programme1","courses":["c1","c2","c3"]},{"id":104,"firstName":"testName4","lastName":"lastName4","email":"testName4@gmail.com","programme":"programme1","courses":["c1","c2","c3"]},{"id":105,"firstName":"testName5","lastName":"lastName5","email":"testName5@gmail.com","programme":"programme1","courses":["c1","c2","c3"]}]

	at sun.reflect.NativeConstructorAccessorImpl.newInstance0(Native Method)
	at sun.reflect.NativeConstructorAccessorImpl.newInstance(Unknown Source)
	at sun.reflect.DelegatingConstructorAccessorImpl.newInstance(Unknown Source)
	at java.lang.reflect.Constructor.newInstance(Unknown Source)
	at org.codehaus.groovy.reflection.CachedConstructor.invoke(CachedConstructor.java:72)
	at org.codehaus.groovy.reflection.CachedConstructor.doConstructorInvoke(CachedConstructor.java:59)
	at org.codehaus.groovy.runtime.callsite.ConstructorSite$ConstructorSiteNoUnwrap.callConstructor(ConstructorSite.java:84)
	at org.codehaus.groovy.runtime.callsite.CallSiteArray.defaultCallConstructor(CallSiteArray.java:59)
	at org.codehaus.groovy.runtime.callsite.AbstractCallSite.callConstructor(AbstractCallSite.java:263)
	at org.codehaus.groovy.runtime.callsite.AbstractCallSite.callConstructor(AbstractCallSite.java:277)
	at io.restassured.internal.ResponseSpecificationImpl$HamcrestAssertionClosure.validate(ResponseSpecificationImpl.groovy:493)
	at io.restassured.internal.ResponseSpecificationImpl$HamcrestAssertionClosure$validate$1.call(Unknown Source)
	at org.codehaus.groovy.runtime.callsite.CallSiteArray.defaultCall(CallSiteArray.java:47)
	at org.codehaus.groovy.runtime.callsite.AbstractCallSite.call(AbstractCallSite.java:125)
	at org.codehaus.groovy.runtime.callsite.AbstractCallSite.call(AbstractCallSite.java:139)
	at io.restassured.internal.ResponseSpecificationImpl.validateResponseIfRequired(ResponseSpecificationImpl.groovy:674)
	at sun.reflect.NativeMethodAccessorImpl.invoke0(Native Method)
	at sun.reflect.NativeMethodAccessorImpl.invoke(Unknown Source)
	at sun.reflect.DelegatingMethodAccessorImpl.invoke(Unknown Source)
	at java.lang.reflect.Method.invoke(Unknown Source)
	at org.codehaus.groovy.runtime.callsite.PlainObjectMetaMethodSite.doInvoke(PlainObjectMetaMethodSite.java:43)
	at org.codehaus.groovy.runtime.callsite.PogoMetaMethodSite$PogoCachedMethodSiteNoUnwrapNoCoerce.invoke(PogoMetaMethodSite.java:193)
	at org.codehaus.groovy.runtime.callsite.PogoMetaMethodSite.callCurrent(PogoMetaMethodSite.java:61)
	at org.codehaus.groovy.runtime.callsite.CallSiteArray.defaultCallCurrent(CallSiteArray.java:51)
	at org.codehaus.groovy.runtime.callsite.AbstractCallSite.callCurrent(AbstractCallSite.java:171)
	at org.codehaus.groovy.runtime.callsite.AbstractCallSite.callCurrent(AbstractCallSite.java:185)
	at io.restassured.internal.ResponseSpecificationImpl.body(ResponseSpecificationImpl.groovy:98)
	at io.restassured.internal.ValidatableResponseOptionsImpl.body(ValidatableResponseOptionsImpl.java:238)
	at io.restassured.internal.ValidatableResponseImpl.super$2$body(ValidatableResponseImpl.groovy)
	at sun.reflect.NativeMethodAccessorImpl.invoke0(Native Method)
	at sun.reflect.NativeMethodAccessorImpl.invoke(Unknown Source)
	at sun.reflect.DelegatingMethodAccessorImpl.invoke(Unknown Source)
	at java.lang.reflect.Method.invoke(Unknown Source)
	at org.codehaus.groovy.reflection.CachedMethod.invoke(CachedMethod.java:107)
	at groovy.lang.MetaMethod.doMethodInvoke(MetaMethod.java:323)
	at groovy.lang.MetaClassImpl.invokeMethod(MetaClassImpl.java:1267)
	at org.codehaus.groovy.runtime.ScriptBytecodeAdapter.invokeMethodOnSuperN(ScriptBytecodeAdapter.java:144)
	at io.restassured.internal.ValidatableResponseImpl.body(ValidatableResponseImpl.groovy:293)
	at io.restassured.internal.ValidatableResponseImpl.body(ValidatableResponseImpl.groovy)
	at bbmsapitesting.SchemaValidation.studentSchemaValidation(SchemaValidation.java:21)
	at sun.reflect.NativeMethodAccessorImpl.invoke0(Native Method)
	at sun.reflect.NativeMethodAccessorImpl.invoke(Unknown Source)
	at sun.reflect.DelegatingMethodAccessorImpl.invoke(Unknown Source)
	at java.lang.reflect.Method.invoke(Unknown Source)
	at org.testng.internal.MethodInvocationHelper.invokeMethod(MethodInvocationHelper.java:100)
	at org.testng.internal.Invoker.invokeMethod(Invoker.java:646)
	at org.testng.internal.Invoker.invokeTestMethod(Invoker.java:811)
	at org.testng.internal.Invoker.invokeTestMethods(Invoker.java:1137)
	at org.testng.internal.TestMethodWorker.invokeTestMethods(TestMethodWorker.java:129)
	at org.testng.internal.TestMethodWorker.run(TestMethodWorker.java:112)
	at org.testng.TestRunner.privateRun(TestRunner.java:753)
	at org.testng.TestRunner.run(TestRunner.java:607)
	at org.testng.SuiteRunner.runTest(SuiteRunner.java:368)
	at org.testng.SuiteRunner.runSequentially(SuiteRunner.java:363)
	at org.testng.SuiteRunner.privateRun(SuiteRunner.java:321)
	at org.testng.SuiteRunner.run(SuiteRunner.java:270)
	at org.testng.SuiteRunnerWorker.runSuite(SuiteRunnerWorker.java:52)
	at org.testng.SuiteRunnerWorker.run(SuiteRunnerWorker.java:86)
	at org.testng.TestNG.runSuitesSequentially(TestNG.java:1284)
	at org.testng.TestNG.runSuitesLocally(TestNG.java:1209)
	at org.testng.TestNG.runSuites(TestNG.java:1124)
	at org.testng.TestNG.run(TestNG.java:1096)
	at org.testng.remote.AbstractRemoteTestNG.run(AbstractRemoteTestNG.java:132)
	at org.testng.remote.RemoteTestNG.initAndRun(RemoteTestNG.java:236)
	at org.testng.remote.RemoteTestNG.main(RemoteTestNG.java:81)
]]>
    </failure>
  </testcase> <!-- studentSchemaValidation -->
</testsuite> <!-- bbmsapitesting.SchemaValidation -->
